<?xml version="1.0" encoding="UTF-8"?>
<!-- Generated by org.testng.reporters.JUnitXMLReporter -->
<testsuite ignored="2" hostname="DESKTOP-Q7S0LT0" failures="0" tests="6" name="Test" time="563.734" errors="0" timestamp="2024-10-16T16:26:14 IST">
  <testcase classname="practice.testng.baseclass.listener.extentreport.highlevellogs.contacttest.CreateContactTest" name="createContactTest" time="191.967"/>
  <testcase classname="practice.testng.baseclass.listener.extentreport.highlevellogs.contacttest.CreateContactTest" name="createContactWithOrgTest" time="76.094"/>
  <testcase classname="practice.testng.baseclass.listener.extentreport.highlevellogs.contacttest.CreateContactTest" name="createContactWithSupportDateTest" time="16.941"/>
  <testcase classname="practice.testng.baseclass.listener.extentreport.highlevellogs.orgtest.CreateOrganizationTest" name="createOrganizationTest" time="15.885"/>
  <testcase classname="practice.testng.baseclass.listener.extentreport.highlevellogs.orgtest.CreateOrganizationTest" name="createOrganizationWithIndustriesTest" time="18.238"/>
  <testcase classname="practice.testng.baseclass.listener.extentreport.highlevellogs.orgtest.CreateOrganizationTest" name="createOrganizationWithPhoneNumberTest" time="18.327"/>
  <testcase classname="SeleniumCRMGUIFrameworkUsingMavenWithHighLevelReports.generic.listeners.highlevellogs.BaseTest.BaseClass" name="@AfterSuite configAS" time="0.0">
    <ignored/>
  </testcase> <!-- @AfterSuite configAS -->
  <testcase classname="SeleniumCRMGUIFrameworkUsingMavenWithHighLevelReports.generic.listeners.highlevellogs.BaseTest.BaseClass" name="@BeforeSuite configBS" time="0.0">
    <ignored/>
  </testcase> <!-- @BeforeSuite configBS -->
</testsuite> <!-- Test -->
