<?xml version="1.0" encoding="UTF-8"?>
<!-- Generated by org.testng.reporters.JUnitXMLReporter -->
<testsuite ignored="2" hostname="DESKTOP-Q7S0LT0" failures="0" tests="6" name="Test" time="151.214" errors="0" timestamp="2024-10-16T15:29:10 IST">
  <testcase classname="practice.testng.baseclass.listener.extentreport.highlevellogs.contacttest.CreateContactTest" name="createContactTest" time="18.961"/>
  <testcase classname="practice.testng.baseclass.listener.extentreport.highlevellogs.contacttest.CreateContactTest" name="createContactWithOrgTest" time="21.402"/>
  <testcase classname="practice.testng.baseclass.listener.extentreport.highlevellogs.contacttest.CreateContactTest" name="createContactWithSupportDateTest" time="10.755"/>
  <testcase classname="practice.testng.baseclass.listener.extentreport.highlevellogs.orgtest.CreateOrganizationTest" name="createOrganizationTest" time="12.088"/>
  <testcase classname="practice.testng.baseclass.listener.extentreport.highlevellogs.orgtest.CreateOrganizationTest" name="createOrganizationWithIndustriesTest" time="12.854"/>
  <testcase classname="practice.testng.baseclass.listener.extentreport.highlevellogs.orgtest.CreateOrganizationTest" name="createOrganizationWithPhoneNumberTest" time="13.589"/>
  <testcase classname="SeleniumCRMGUIFrameworkUsingMavenWithHighLevelReports.generic.listeners.highlevellogs.BaseTest.BaseClass" name="@AfterSuite configAS" time="0.0">
    <ignored/>
  </testcase> <!-- @AfterSuite configAS -->
  <testcase classname="SeleniumCRMGUIFrameworkUsingMavenWithHighLevelReports.generic.listeners.highlevellogs.BaseTest.BaseClass" name="@BeforeSuite configBS" time="0.0">
    <ignored/>
  </testcase> <!-- @BeforeSuite configBS -->
</testsuite> <!-- Test -->
