<?xml version="1.0" encoding="UTF-8"?>
<testng-results ignored="0" total="6" passed="6" failed="0" skipped="0">
  <reporter-output>
  </reporter-output>
  <suite started-at="2024-10-16T16:16:50 IST" name="Suite" finished-at="2024-10-16T16:26:14 IST" duration-ms="563734">
    <groups>
    </groups>
    <test started-at="2024-10-16T16:16:50 IST" name="Test" finished-at="2024-10-16T16:26:14 IST" duration-ms="563734">
      <class name="practice.testng.baseclass.listener.extentreport.highlevellogs.orgtest.CreateOrganizationTest">
        <test-method is-config="true" signature="configBC()[pri:0, instance:practice.testng.baseclass.listener.extentreport.highlevellogs.orgtest.CreateOrganizationTest@55183b20]" started-at="2024-10-16T16:24:32 IST" name="configBC" finished-at="2024-10-16T16:24:47 IST" duration-ms="14804" status="PASS">
          <reporter-output>
          </reporter-output>
        </test-method> <!-- configBC -->
        <test-method is-config="true" signature="configBM()[pri:0, instance:practice.testng.baseclass.listener.extentreport.highlevellogs.orgtest.CreateOrganizationTest@55183b20]" started-at="2024-10-16T16:24:47 IST" name="configBM" finished-at="2024-10-16T16:24:59 IST" duration-ms="11836" status="PASS">
          <reporter-output>
          </reporter-output>
        </test-method> <!-- configBM -->
        <test-method signature="createOrganizationTest()[pri:0, instance:practice.testng.baseclass.listener.extentreport.highlevellogs.orgtest.CreateOrganizationTest@55183b20]" started-at="2024-10-16T16:24:59 IST" name="createOrganizationTest" finished-at="2024-10-16T16:25:15 IST" duration-ms="15885" status="PASS">
          <reporter-output>
          </reporter-output>
        </test-method> <!-- createOrganizationTest -->
        <test-method is-config="true" signature="configAM()[pri:0, instance:practice.testng.baseclass.listener.extentreport.highlevellogs.orgtest.CreateOrganizationTest@55183b20]" started-at="2024-10-16T16:25:15 IST" name="configAM" finished-at="2024-10-16T16:25:18 IST" duration-ms="3804" status="PASS">
          <reporter-output>
          </reporter-output>
        </test-method> <!-- configAM -->
        <test-method is-config="true" signature="configBM()[pri:0, instance:practice.testng.baseclass.listener.extentreport.highlevellogs.orgtest.CreateOrganizationTest@55183b20]" started-at="2024-10-16T16:25:18 IST" name="configBM" finished-at="2024-10-16T16:25:24 IST" duration-ms="5626" status="PASS">
          <reporter-output>
          </reporter-output>
        </test-method> <!-- configBM -->
        <test-method signature="createOrganizationWithIndustriesTest()[pri:0, instance:practice.testng.baseclass.listener.extentreport.highlevellogs.orgtest.CreateOrganizationTest@55183b20]" started-at="2024-10-16T16:25:24 IST" name="createOrganizationWithIndustriesTest" finished-at="2024-10-16T16:25:42 IST" duration-ms="18238" status="PASS">
          <reporter-output>
          </reporter-output>
        </test-method> <!-- createOrganizationWithIndustriesTest -->
        <test-method is-config="true" signature="configAM()[pri:0, instance:practice.testng.baseclass.listener.extentreport.highlevellogs.orgtest.CreateOrganizationTest@55183b20]" started-at="2024-10-16T16:25:42 IST" name="configAM" finished-at="2024-10-16T16:25:44 IST" duration-ms="2074" status="PASS">
          <reporter-output>
          </reporter-output>
        </test-method> <!-- configAM -->
        <test-method is-config="true" signature="configBM()[pri:0, instance:practice.testng.baseclass.listener.extentreport.highlevellogs.orgtest.CreateOrganizationTest@55183b20]" started-at="2024-10-16T16:25:44 IST" name="configBM" finished-at="2024-10-16T16:25:51 IST" duration-ms="6873" status="PASS">
          <reporter-output>
          </reporter-output>
        </test-method> <!-- configBM -->
        <test-method signature="createOrganizationWithPhoneNumberTest()[pri:0, instance:practice.testng.baseclass.listener.extentreport.highlevellogs.orgtest.CreateOrganizationTest@55183b20]" started-at="2024-10-16T16:25:51 IST" name="createOrganizationWithPhoneNumberTest" finished-at="2024-10-16T16:26:10 IST" duration-ms="18327" status="PASS">
          <reporter-output>
          </reporter-output>
        </test-method> <!-- createOrganizationWithPhoneNumberTest -->
        <test-method is-config="true" signature="configAM()[pri:0, instance:practice.testng.baseclass.listener.extentreport.highlevellogs.orgtest.CreateOrganizationTest@55183b20]" started-at="2024-10-16T16:26:10 IST" name="configAM" finished-at="2024-10-16T16:26:12 IST" duration-ms="2242" status="PASS">
          <reporter-output>
          </reporter-output>
        </test-method> <!-- configAM -->
        <test-method is-config="true" signature="configAC()[pri:0, instance:practice.testng.baseclass.listener.extentreport.highlevellogs.orgtest.CreateOrganizationTest@55183b20]" started-at="2024-10-16T16:26:12 IST" name="configAC" finished-at="2024-10-16T16:26:14 IST" duration-ms="1968" status="PASS">
          <reporter-output>
          </reporter-output>
        </test-method> <!-- configAC -->
      </class> <!-- practice.testng.baseclass.listener.extentreport.highlevellogs.orgtest.CreateOrganizationTest -->
      <class name="practice.testng.baseclass.listener.extentreport.highlevellogs.contacttest.CreateContactTest">
        <test-method is-config="true" signature="configBS()[pri:0, instance:practice.testng.baseclass.listener.extentreport.highlevellogs.contacttest.CreateContactTest@72967906]" started-at="2024-10-16T16:16:44 IST" name="configBS" finished-at="2024-10-16T16:16:50 IST" duration-ms="5515" status="PASS">
          <reporter-output>
          </reporter-output>
        </test-method> <!-- configBS -->
        <test-method is-config="true" signature="configBC()[pri:0, instance:practice.testng.baseclass.listener.extentreport.highlevellogs.contacttest.CreateContactTest@72967906]" started-at="2024-10-16T16:16:50 IST" name="configBC" finished-at="2024-10-16T16:17:33 IST" duration-ms="43163" status="PASS">
          <reporter-output>
          </reporter-output>
        </test-method> <!-- configBC -->
        <test-method is-config="true" signature="configBM()[pri:0, instance:practice.testng.baseclass.listener.extentreport.highlevellogs.contacttest.CreateContactTest@72967906]" started-at="2024-10-16T16:17:33 IST" name="configBM" finished-at="2024-10-16T16:19:16 IST" duration-ms="103245" status="PASS">
          <reporter-output>
          </reporter-output>
        </test-method> <!-- configBM -->
        <test-method signature="createContactTest()[pri:0, instance:practice.testng.baseclass.listener.extentreport.highlevellogs.contacttest.CreateContactTest@72967906]" started-at="2024-10-16T16:19:16 IST" name="createContactTest" finished-at="2024-10-16T16:22:28 IST" duration-ms="191967" status="PASS">
          <reporter-output>
          </reporter-output>
        </test-method> <!-- createContactTest -->
        <test-method is-config="true" signature="configAM()[pri:0, instance:practice.testng.baseclass.listener.extentreport.highlevellogs.contacttest.CreateContactTest@72967906]" started-at="2024-10-16T16:22:29 IST" name="configAM" finished-at="2024-10-16T16:22:38 IST" duration-ms="9243" status="PASS">
          <reporter-output>
          </reporter-output>
        </test-method> <!-- configAM -->
        <test-method is-config="true" signature="configBM()[pri:0, instance:practice.testng.baseclass.listener.extentreport.highlevellogs.contacttest.CreateContactTest@72967906]" started-at="2024-10-16T16:22:38 IST" name="configBM" finished-at="2024-10-16T16:22:43 IST" duration-ms="5474" status="PASS">
          <reporter-output>
          </reporter-output>
        </test-method> <!-- configBM -->
        <test-method signature="createContactWithOrgTest()[pri:0, instance:practice.testng.baseclass.listener.extentreport.highlevellogs.contacttest.CreateContactTest@72967906]" started-at="2024-10-16T16:22:43 IST" name="createContactWithOrgTest" finished-at="2024-10-16T16:23:59 IST" duration-ms="76094" status="PASS">
          <reporter-output>
          </reporter-output>
        </test-method> <!-- createContactWithOrgTest -->
        <test-method is-config="true" signature="configAM()[pri:0, instance:practice.testng.baseclass.listener.extentreport.highlevellogs.contacttest.CreateContactTest@72967906]" started-at="2024-10-16T16:23:59 IST" name="configAM" finished-at="2024-10-16T16:24:02 IST" duration-ms="2165" status="PASS">
          <reporter-output>
          </reporter-output>
        </test-method> <!-- configAM -->
        <test-method is-config="true" signature="configBM()[pri:0, instance:practice.testng.baseclass.listener.extentreport.highlevellogs.contacttest.CreateContactTest@72967906]" started-at="2024-10-16T16:24:02 IST" name="configBM" finished-at="2024-10-16T16:24:06 IST" duration-ms="4580" status="PASS">
          <reporter-output>
          </reporter-output>
        </test-method> <!-- configBM -->
        <test-method signature="createContactWithSupportDateTest()[pri:0, instance:practice.testng.baseclass.listener.extentreport.highlevellogs.contacttest.CreateContactTest@72967906]" started-at="2024-10-16T16:24:06 IST" name="createContactWithSupportDateTest" finished-at="2024-10-16T16:24:23 IST" duration-ms="16941" status="PASS">
          <reporter-output>
          </reporter-output>
        </test-method> <!-- createContactWithSupportDateTest -->
        <test-method is-config="true" signature="configAM()[pri:0, instance:practice.testng.baseclass.listener.extentreport.highlevellogs.contacttest.CreateContactTest@72967906]" started-at="2024-10-16T16:24:23 IST" name="configAM" finished-at="2024-10-16T16:24:26 IST" duration-ms="2604" status="PASS">
          <reporter-output>
          </reporter-output>
        </test-method> <!-- configAM -->
        <test-method is-config="true" signature="configAC()[pri:0, instance:practice.testng.baseclass.listener.extentreport.highlevellogs.contacttest.CreateContactTest@72967906]" started-at="2024-10-16T16:24:26 IST" name="configAC" finished-at="2024-10-16T16:24:32 IST" duration-ms="6278" status="PASS">
          <reporter-output>
          </reporter-output>
        </test-method> <!-- configAC -->
        <test-method is-config="true" signature="configAS()[pri:0, instance:practice.testng.baseclass.listener.extentreport.highlevellogs.contacttest.CreateContactTest@72967906]" started-at="2024-10-16T16:26:14 IST" name="configAS" finished-at="2024-10-16T16:26:15 IST" duration-ms="362" status="PASS">
          <reporter-output>
          </reporter-output>
        </test-method> <!-- configAS -->
      </class> <!-- practice.testng.baseclass.listener.extentreport.highlevellogs.contacttest.CreateContactTest -->
    </test> <!-- Test -->
  </suite> <!-- Suite -->
</testng-results>
