<?xml version="1.0" encoding="UTF-8"?>
<testng-results ignored="0" total="6" passed="6" failed="0" skipped="0">
  <reporter-output>
  </reporter-output>
  <suite started-at="2024-10-16T15:26:38 IST" name="Suite" finished-at="2024-10-16T15:29:10 IST" duration-ms="151214">
    <groups>
    </groups>
    <test started-at="2024-10-16T15:26:38 IST" name="Test" finished-at="2024-10-16T15:29:10 IST" duration-ms="151214">
      <class name="practice.testng.baseclass.listener.extentreport.highlevellogs.orgtest.CreateOrganizationTest">
        <test-method is-config="true" signature="configBC()[pri:0, instance:practice.testng.baseclass.listener.extentreport.highlevellogs.orgtest.CreateOrganizationTest@55183b20]" started-at="2024-10-16T15:28:03 IST" name="configBC" finished-at="2024-10-16T15:28:07 IST" duration-ms="3999" status="PASS">
          <reporter-output>
          </reporter-output>
        </test-method> <!-- configBC -->
        <test-method is-config="true" signature="configBM()[pri:0, instance:practice.testng.baseclass.listener.extentreport.highlevellogs.orgtest.CreateOrganizationTest@55183b20]" started-at="2024-10-16T15:28:07 IST" name="configBM" finished-at="2024-10-16T15:28:19 IST" duration-ms="11738" status="PASS">
          <reporter-output>
          </reporter-output>
        </test-method> <!-- configBM -->
        <test-method signature="createOrganizationTest()[pri:0, instance:practice.testng.baseclass.listener.extentreport.highlevellogs.orgtest.CreateOrganizationTest@55183b20]" started-at="2024-10-16T15:28:19 IST" name="createOrganizationTest" finished-at="2024-10-16T15:28:31 IST" duration-ms="12088" status="PASS">
          <reporter-output>
          </reporter-output>
        </test-method> <!-- createOrganizationTest -->
        <test-method is-config="true" signature="configAM()[pri:0, instance:practice.testng.baseclass.listener.extentreport.highlevellogs.orgtest.CreateOrganizationTest@55183b20]" started-at="2024-10-16T15:28:31 IST" name="configAM" finished-at="2024-10-16T15:28:33 IST" duration-ms="1619" status="PASS">
          <reporter-output>
          </reporter-output>
        </test-method> <!-- configAM -->
        <test-method is-config="true" signature="configBM()[pri:0, instance:practice.testng.baseclass.listener.extentreport.highlevellogs.orgtest.CreateOrganizationTest@55183b20]" started-at="2024-10-16T15:28:33 IST" name="configBM" finished-at="2024-10-16T15:28:36 IST" duration-ms="2944" status="PASS">
          <reporter-output>
          </reporter-output>
        </test-method> <!-- configBM -->
        <test-method signature="createOrganizationWithIndustriesTest()[pri:0, instance:practice.testng.baseclass.listener.extentreport.highlevellogs.orgtest.CreateOrganizationTest@55183b20]" started-at="2024-10-16T15:28:36 IST" name="createOrganizationWithIndustriesTest" finished-at="2024-10-16T15:28:49 IST" duration-ms="12854" status="PASS">
          <reporter-output>
          </reporter-output>
        </test-method> <!-- createOrganizationWithIndustriesTest -->
        <test-method is-config="true" signature="configAM()[pri:0, instance:practice.testng.baseclass.listener.extentreport.highlevellogs.orgtest.CreateOrganizationTest@55183b20]" started-at="2024-10-16T15:28:49 IST" name="configAM" finished-at="2024-10-16T15:28:50 IST" duration-ms="1293" status="PASS">
          <reporter-output>
          </reporter-output>
        </test-method> <!-- configAM -->
        <test-method is-config="true" signature="configBM()[pri:0, instance:practice.testng.baseclass.listener.extentreport.highlevellogs.orgtest.CreateOrganizationTest@55183b20]" started-at="2024-10-16T15:28:50 IST" name="configBM" finished-at="2024-10-16T15:28:53 IST" duration-ms="2565" status="PASS">
          <reporter-output>
          </reporter-output>
        </test-method> <!-- configBM -->
        <test-method signature="createOrganizationWithPhoneNumberTest()[pri:0, instance:practice.testng.baseclass.listener.extentreport.highlevellogs.orgtest.CreateOrganizationTest@55183b20]" started-at="2024-10-16T15:28:53 IST" name="createOrganizationWithPhoneNumberTest" finished-at="2024-10-16T15:29:06 IST" duration-ms="13589" status="PASS">
          <reporter-output>
          </reporter-output>
        </test-method> <!-- createOrganizationWithPhoneNumberTest -->
        <test-method is-config="true" signature="configAM()[pri:0, instance:practice.testng.baseclass.listener.extentreport.highlevellogs.orgtest.CreateOrganizationTest@55183b20]" started-at="2024-10-16T15:29:06 IST" name="configAM" finished-at="2024-10-16T15:29:08 IST" duration-ms="1986" status="PASS">
          <reporter-output>
          </reporter-output>
        </test-method> <!-- configAM -->
        <test-method is-config="true" signature="configAC()[pri:0, instance:practice.testng.baseclass.listener.extentreport.highlevellogs.orgtest.CreateOrganizationTest@55183b20]" started-at="2024-10-16T15:29:08 IST" name="configAC" finished-at="2024-10-16T15:29:10 IST" duration-ms="1577" status="PASS">
          <reporter-output>
          </reporter-output>
        </test-method> <!-- configAC -->
      </class> <!-- practice.testng.baseclass.listener.extentreport.highlevellogs.orgtest.CreateOrganizationTest -->
      <class name="practice.testng.baseclass.listener.extentreport.highlevellogs.contacttest.CreateContactTest">
        <test-method is-config="true" signature="configBS()[pri:0, instance:practice.testng.baseclass.listener.extentreport.highlevellogs.contacttest.CreateContactTest@72967906]" started-at="2024-10-16T15:26:38 IST" name="configBS" finished-at="2024-10-16T15:26:38 IST" duration-ms="672" status="PASS">
          <reporter-output>
          </reporter-output>
        </test-method> <!-- configBS -->
        <test-method is-config="true" signature="configBC()[pri:0, instance:practice.testng.baseclass.listener.extentreport.highlevellogs.contacttest.CreateContactTest@72967906]" started-at="2024-10-16T15:26:38 IST" name="configBC" finished-at="2024-10-16T15:26:51 IST" duration-ms="12533" status="PASS">
          <reporter-output>
          </reporter-output>
        </test-method> <!-- configBC -->
        <test-method is-config="true" signature="configBM()[pri:0, instance:practice.testng.baseclass.listener.extentreport.highlevellogs.contacttest.CreateContactTest@72967906]" started-at="2024-10-16T15:26:51 IST" name="configBM" finished-at="2024-10-16T15:26:59 IST" duration-ms="8149" status="PASS">
          <reporter-output>
          </reporter-output>
        </test-method> <!-- configBM -->
        <test-method signature="createContactTest()[pri:0, instance:practice.testng.baseclass.listener.extentreport.highlevellogs.contacttest.CreateContactTest@72967906]" started-at="2024-10-16T15:26:59 IST" name="createContactTest" finished-at="2024-10-16T15:27:18 IST" duration-ms="18961" status="PASS">
          <reporter-output>
          </reporter-output>
        </test-method> <!-- createContactTest -->
        <test-method is-config="true" signature="configAM()[pri:0, instance:practice.testng.baseclass.listener.extentreport.highlevellogs.contacttest.CreateContactTest@72967906]" started-at="2024-10-16T15:27:18 IST" name="configAM" finished-at="2024-10-16T15:27:21 IST" duration-ms="2435" status="PASS">
          <reporter-output>
          </reporter-output>
        </test-method> <!-- configAM -->
        <test-method is-config="true" signature="configBM()[pri:0, instance:practice.testng.baseclass.listener.extentreport.highlevellogs.contacttest.CreateContactTest@72967906]" started-at="2024-10-16T15:27:21 IST" name="configBM" finished-at="2024-10-16T15:27:23 IST" duration-ms="2589" status="PASS">
          <reporter-output>
          </reporter-output>
        </test-method> <!-- configBM -->
        <test-method signature="createContactWithOrgTest()[pri:0, instance:practice.testng.baseclass.listener.extentreport.highlevellogs.contacttest.CreateContactTest@72967906]" started-at="2024-10-16T15:27:23 IST" name="createContactWithOrgTest" finished-at="2024-10-16T15:27:45 IST" duration-ms="21402" status="PASS">
          <reporter-output>
          </reporter-output>
        </test-method> <!-- createContactWithOrgTest -->
        <test-method is-config="true" signature="configAM()[pri:0, instance:practice.testng.baseclass.listener.extentreport.highlevellogs.contacttest.CreateContactTest@72967906]" started-at="2024-10-16T15:27:45 IST" name="configAM" finished-at="2024-10-16T15:27:46 IST" duration-ms="1395" status="PASS">
          <reporter-output>
          </reporter-output>
        </test-method> <!-- configAM -->
        <test-method is-config="true" signature="configBM()[pri:0, instance:practice.testng.baseclass.listener.extentreport.highlevellogs.contacttest.CreateContactTest@72967906]" started-at="2024-10-16T15:27:46 IST" name="configBM" finished-at="2024-10-16T15:27:49 IST" duration-ms="2910" status="PASS">
          <reporter-output>
          </reporter-output>
        </test-method> <!-- configBM -->
        <test-method signature="createContactWithSupportDateTest()[pri:0, instance:practice.testng.baseclass.listener.extentreport.highlevellogs.contacttest.CreateContactTest@72967906]" started-at="2024-10-16T15:27:49 IST" name="createContactWithSupportDateTest" finished-at="2024-10-16T15:28:00 IST" duration-ms="10755" status="PASS">
          <reporter-output>
          </reporter-output>
        </test-method> <!-- createContactWithSupportDateTest -->
        <test-method is-config="true" signature="configAM()[pri:0, instance:practice.testng.baseclass.listener.extentreport.highlevellogs.contacttest.CreateContactTest@72967906]" started-at="2024-10-16T15:28:00 IST" name="configAM" finished-at="2024-10-16T15:28:01 IST" duration-ms="1306" status="PASS">
          <reporter-output>
          </reporter-output>
        </test-method> <!-- configAM -->
        <test-method is-config="true" signature="configAC()[pri:0, instance:practice.testng.baseclass.listener.extentreport.highlevellogs.contacttest.CreateContactTest@72967906]" started-at="2024-10-16T15:28:01 IST" name="configAC" finished-at="2024-10-16T15:28:03 IST" duration-ms="2443" status="PASS">
          <reporter-output>
          </reporter-output>
        </test-method> <!-- configAC -->
        <test-method is-config="true" signature="configAS()[pri:0, instance:practice.testng.baseclass.listener.extentreport.highlevellogs.contacttest.CreateContactTest@72967906]" started-at="2024-10-16T15:29:10 IST" name="configAS" finished-at="2024-10-16T15:29:10 IST" duration-ms="16" status="PASS">
          <reporter-output>
          </reporter-output>
        </test-method> <!-- configAS -->
      </class> <!-- practice.testng.baseclass.listener.extentreport.highlevellogs.contacttest.CreateContactTest -->
    </test> <!-- Test -->
  </suite> <!-- Suite -->
</testng-results>
